[1117/204749.987:ERROR:directory_reader_win.cc(43)] FindFirstFile: The system cannot find the path specified. (0x3)
[1119/191154.846:ERROR:directory_reader_win.cc(43)] FindFirstFile: The system cannot find the path specified. (0x3)
[1119/213946.772:ERROR:directory_reader_win.cc(43)] FindFirstFile: The system cannot find the path specified. (0x3)
[1119/214028.006:ERROR:directory_reader_win.cc(43)] FindFirstFile: The system cannot find the path specified. (0x3)
[1119/232100.823:ERROR:directory_reader_win.cc(43)] FindFirstFile: The system cannot find the path specified. (0x3)
[1120/115327.748:ERROR:directory_reader_win.cc(43)] FindFirstFile: The system cannot find the path specified. (0x3)
[1120/115351.440:ERROR:directory_reader_win.cc(43)] FindFirstFile: The system cannot find the path specified. (0x3)
[1122/110509.039:ERROR:directory_reader_win.cc(43)] FindFirstFile: The system cannot find the path specified. (0x3)
[1122/110541.064:ERROR:directory_reader_win.cc(43)] FindFirstFile: The system cannot find the path specified. (0x3)
[1122/131825.216:ERROR:directory_reader_win.cc(43)] FindFirstFile: The system cannot find the path specified. (0x3)
[1122/132958.321:ERROR:directory_reader_win.cc(43)] FindFirstFile: The system cannot find the path specified. (0x3)
[1122/133750.917:ERROR:directory_reader_win.cc(43)] FindFirstFile: The system cannot find the path specified. (0x3)
[1124/155410.430:ERROR:directory_reader_win.cc(43)] FindFirstFile: The system cannot find the path specified. (0x3)
[1124/155431.109:ERROR:directory_reader_win.cc(43)] FindFirstFile: The system cannot find the path specified. (0x3)
[1124/184400.277:ERROR:directory_reader_win.cc(43)] FindFirstFile: The system cannot find the path specified. (0x3)
[1124/184406.240:ERROR:directory_reader_win.cc(43)] FindFirstFile: The system cannot find the path specified. (0x3)
[1124/201315.036:ERROR:directory_reader_win.cc(43)] FindFirstFile: The system cannot find the path specified. (0x3)
[1124/202540.099:ERROR:directory_reader_win.cc(43)] FindFirstFile: The system cannot find the path specified. (0x3)
[1128/073440.503:ERROR:directory_reader_win.cc(43)] FindFirstFile: The system cannot find the path specified. (0x3)
[1128/073509.871:ERROR:directory_reader_win.cc(43)] FindFirstFile: The system cannot find the path specified. (0x3)
[1128/075358.027:ERROR:process_reader_win.cc(151)] SuspendThread: Access is denied. (0x5)
[1128/075358.027:ERROR:process_reader_win.cc(151)] SuspendThread: Access is denied. (0x5)
[1128/075358.027:ERROR:process_reader_win.cc(123)] NtOpenThread: {Access Denied} A process has requested access to an object, but has not been granted those access rights. (0xc0000022)
[1128/075358.028:ERROR:exception_snapshot_win.cc(99)] thread ID 13364 not found in process
[1128/075358.053:ERROR:process_reader_win.cc(123)] NtOpenThread: {Access Denied} A process has requested access to an object, but has not been granted those access rights. (0xc0000022)
[1128/075358.053:ERROR:exception_snapshot_win.cc(99)] thread ID 7568 not found in process
[1128/152500.023:ERROR:directory_reader_win.cc(43)] FindFirstFile: The system cannot find the path specified. (0x3)
[1128/162248.372:ERROR:directory_reader_win.cc(43)] FindFirstFile: The system cannot find the path specified. (0x3)
[1129/141237.640:ERROR:directory_reader_win.cc(43)] FindFirstFile: The system cannot find the path specified. (0x3)
[1129/155554.428:ERROR:directory_reader_win.cc(43)] FindFirstFile: The system cannot find the path specified. (0x3)
[1130/102402.333:ERROR:directory_reader_win.cc(43)] FindFirstFile: The system cannot find the path specified. (0x3)
[1130/181120.742:ERROR:directory_reader_win.cc(43)] FindFirstFile: The system cannot find the path specified. (0x3)
[1130/181129.424:ERROR:directory_reader_win.cc(43)] FindFirstFile: The system cannot find the path specified. (0x3)
[1130/193822.818:ERROR:directory_reader_win.cc(43)] FindFirstFile: The system cannot find the path specified. (0x3)
[1202/171809.962:ERROR:directory_reader_win.cc(43)] FindFirstFile: The system cannot find the path specified. (0x3)
[1202/171859.398:ERROR:directory_reader_win.cc(43)] FindFirstFile: The system cannot find the path specified. (0x3)
[1202/171917.076:ERROR:directory_reader_win.cc(43)] FindFirstFile: The system cannot find the path specified. (0x3)
[1204/133652.148:ERROR:directory_reader_win.cc(43)] FindFirstFile: The system cannot find the path specified. (0x3)
[1204/133725.473:ERROR:directory_reader_win.cc(43)] FindFirstFile: The system cannot find the path specified. (0x3)
[1204/133752.447:ERROR:directory_reader_win.cc(43)] FindFirstFile: The system cannot find the path specified. (0x3)
[1206/161312.685:ERROR:directory_reader_win.cc(43)] FindFirstFile: The system cannot find the path specified. (0x3)
[1206/161321.351:ERROR:directory_reader_win.cc(43)] FindFirstFile: The system cannot find the path specified. (0x3)
[1206/164222.838:ERROR:directory_reader_win.cc(43)] FindFirstFile: The system cannot find the path specified. (0x3)
[1207/180535.848:ERROR:filesystem_win.cc(129)] GetFileAttributes C:\Users\jocel\AppData\Local\Temp\scoped_dir12604_561158124\Crashpad\attachments\65415bf2-4ea5-4f35-b71a-bf9070ad2d77: The system cannot find the path specified. (0x3)
[1207/180535.950:ERROR:process_reader_win.cc(151)] SuspendThread: Access is denied. (0x5)
[1207/180535.950:ERROR:process_reader_win.cc(151)] SuspendThread: Access is denied. (0x5)
[1207/180546.265:ERROR:filesystem_win.cc(129)] GetFileAttributes C:\Users\jocel\AppData\Local\Temp\scoped_dir18788_2067989944\Crashpad\attachments\7b71b1d8-c5b8-49b1-9987-ec2631e82912: The system cannot find the path specified. (0x3)
[1207/180546.374:ERROR:process_reader_win.cc(151)] SuspendThread: Access is denied. (0x5)
[1207/180546.374:ERROR:process_reader_win.cc(151)] SuspendThread: Access is denied. (0x5)
[1207/180814.352:ERROR:filesystem_win.cc(129)] GetFileAttributes C:\Users\jocel\AppData\Local\Temp\scoped_dir7080_1616187427\Crashpad\attachments\6793d8f4-483b-4b1d-a0bd-839cc50ac552: The system cannot find the path specified. (0x3)
[1207/180814.458:ERROR:process_reader_win.cc(151)] SuspendThread: Access is denied. (0x5)
[1207/180814.458:ERROR:process_reader_win.cc(151)] SuspendThread: Access is denied. (0x5)
[1207/180824.771:ERROR:filesystem_win.cc(129)] GetFileAttributes C:\Users\jocel\AppData\Local\Temp\scoped_dir6972_1189808461\Crashpad\attachments\051ec542-ebb9-4136-bbe1-51258908a7a7: The system cannot find the path specified. (0x3)
[1207/181003.830:ERROR:filesystem_win.cc(129)] GetFileAttributes C:\Users\jocel\AppData\Local\Temp\scoped_dir9624_370886591\Crashpad\attachments\a158b664-f51d-48fa-bec8-e376652e4392: The system cannot find the path specified. (0x3)
[1207/181003.943:ERROR:process_reader_win.cc(151)] SuspendThread: Access is denied. (0x5)
[1207/181003.943:ERROR:process_reader_win.cc(151)] SuspendThread: Access is denied. (0x5)
[1207/181014.261:ERROR:filesystem_win.cc(129)] GetFileAttributes C:\Users\jocel\AppData\Local\Temp\scoped_dir14380_1309109700\Crashpad\attachments\c9430d31-e96a-4db2-82c2-cedff14421bd: The system cannot find the path specified. (0x3)
[1207/181014.364:ERROR:process_reader_win.cc(151)] SuspendThread: Access is denied. (0x5)
[1207/181014.364:ERROR:process_reader_win.cc(151)] SuspendThread: Access is denied. (0x5)
